<?xml version="1.0"?>
<!--Phoronix Test Suite v5.8.0 (Belev)-->
<PhoronixTestSuite>
  <TestInformation>
    <Title>Timed 16 Structure runs on 2 threads</Title>
    <AppVersion>0.1-rc3</AppVersion>
    <Description>Multi threaded bayesian calculation of population attribution, using the "Structure" algorithm. Will calculate clusterings for 4 values of "K" with 4 replciates for each value of "K".</Description>
    <ResultScale>Seconds</ResultScale>
    <Proportion>LIB</Proportion>
    <SubTitle>Cork Oak clustering</SubTitle>
    <TimesToRun>3</TimesToRun>
  </TestInformation>
  <TestProfile>
    <Version>0.2.0</Version>
    <SupportedPlatforms>Linux, Solaris, MacOSX, BSD</SupportedPlatforms>
    <SoftwareType>Scientific</SoftwareType>
    <TestType>Processor</TestType>
    <License>Free</License>
    <Status>Verified</Status>
    <ExternalDependencies>build-essential</ExternalDependencies>
    <EnvironmentSize>2</EnvironmentSize>
    <ProjectURL>http://github.com/StuntsPT/Structure_threader</ProjectURL>
    <Maintainer>Francisco Pina-Martins</Maintainer>
  </TestProfile>
  <TestSettings>
    <Default>
      <Arguments>-i ../Reduced_dataset.structure -o ../ -K 4 -R 4 -t 2 -st \${workdir}/structure_kernel_src/structure --no-plots 1 --no-tests 1</Arguments>
    </Default>
</TestSettings>
</PhoronixTestSuite>
