<?xml version="1.0"?>
<!--Phoronix Test Suite v10.8.5-->
<PhoronixTestSuite>
  <TestInformation>
    <Title>MavericK</Title>
    <AppVersion>1.0.5</AppVersion>
    <Description>MavericK is a C++ program for model-based clustering of population-genetic data using Bayesian inference.</Description>
    <ResultScale>Seconds</ResultScale>
    <Proportion>LIB</Proportion>
    <SubTitle>Time to finish the clustering run</SubTitle>
    <Executable>run-maverick-pts.sh</Executable>
    <TimesToRun>3</TimesToRun>
  </TestInformation>
  <TestProfile>
    <Version>1.0.0</Version>
    <SupportedPlatforms>Linux,MacOSX</SupportedPlatforms>
    <SoftwareType>Scientific</SoftwareType>
    <TestType>Processor</TestType>
    <License>Free</License>
    <Status>Experimental</Status>
    <SupportedArchitectures>x86_64</SupportedArchitectures>
    <ExternalDependencies>build-essential</ExternalDependencies>
    <EnvironmentSize>2048</EnvironmentSize>
    <ProjectURL>https://github.com/bobverity/MavericK</ProjectURL>
    <RepositoryURL>https://github.com/bobverity/MavericK</RepositoryURL>
    <Maintainer>fonors</Maintainer>
    <SystemDependencies></SystemDependencies>
  </TestProfile>
  <TestSettings>
    <Default>
      <Arguments></Arguments>
      <PostArguments></PostArguments>
    </Default>
    <Option>
      <DisplayName>Run MavericK for K=1 until K=4 with a reduced dataset</DisplayName>
      <Identifier>default-run</Identifier>
      <ArgumentPrefix></ArgumentPrefix>
      <ArgumentPostfix></ArgumentPostfix>
      <DefaultEntry>1</DefaultEntry>
      <Message></Message>
      <Menu>
        <Entry>
          <Name>Runs from K=1 until K=4</Name>
          <Value></Value>
          <Message></Message>
        </Entry>
      </Menu>
    </Option>
  </TestSettings>
</PhoronixTestSuite>
