<?xml version="1.0"?>
<!--Phoronix Test Suite v5.8.0 (Belev)-->
<PhoronixTestSuite>
  <TestInformation>
    <Title>Timed 16 wrapped Structure runs</Title>
    <AppVersion>0.1-rc3</AppVersion>
    <Description>Bayesian calculation of population attribution, using the "Structure" algorithm. Calculates clusterings for 4 different values of "K" with 4 replciates for each "K".</Description>
    <ResultScale>Seconds</ResultScale>
    <Proportion>LIB</Proportion>
    <SubTitle>Cork Oak clustering</SubTitle>
    <TimesToRun>3</TimesToRun>
  </TestInformation>
  <TestProfile>
    <Version>1.0.1</Version>
    <SupportedPlatforms>Linux, Solaris, MacOSX, BSD</SupportedPlatforms>
    <SoftwareType>Scientific</SoftwareType>
    <TestType>Processor</TestType>
    <License>Free</License>
    <Status>Verified</Status>
    <ExternalDependencies>build-utils, python</ExternalDependencies>
    <EnvironmentSize>2</EnvironmentSize>
    <ProjectURL>http://github.com/StuntsPT/Structure_threader</ProjectURL>
    <Maintainer>Francisco Pina-Martins</Maintainer>
  </TestProfile>
  <TestSettings>
    <Default>
      <Arguments>-i ../Reduced_dataset.structure -o ../ -K 4 -R 4 --no-plots 1 --no-tests 1</Arguments>
    </Default>
    <Option>
      <DisplayName>Number of threads to use</DisplayName>
      <Identifier>Number_of_threads</Identifier>
      <ArgumentPrefix>-t </ArgumentPrefix>
      <DefaultEntry>0</DefaultEntry>
      <Menu>
        <Entry>
          <Name>1 thread</Name>
          <Value>1</Value>
        </Entry>
        <Entry>
          <Name>2 threads</Name>
          <Value>2</Value>
        </Entry>
        <Entry>
          <Name>4 threads</Name>
          <Value>4</Value>
        </Entry>
        <Entry>
          <Name>6 threads</Name>
          <Value>6</Value>
        </Entry>
        <Entry>
          <Name>8 threads</Name>
          <Value>8</Value>
        </Entry>
        <Entry>
          <Name>10 threads</Name>
          <Value>10</Value>
        </Entry>
        <Entry>
          <Name>12 threads</Name>
          <Value>12</Value>
        </Entry>
        <Entry>
          <Name>14 threads</Name>
          <Value>14</Value>
        </Entry>
        <Entry>
          <Name>16 threads</Name>
          <Value>16</Value>
        </Entry>
      </Menu>
    </Option>
</TestSettings>
</PhoronixTestSuite>
